[2026-01-23 11:43:53] Starting loop: agent=glm, prompt=docs/prompt.md, max_iter=5, worktree=false
[2026-01-23 11:43:53] === Iteration 1 / 5 ===
[2026-01-23 11:52:48] Output:
## Summary

**Task 5.5: Update Remaining Molecule Components** has been completed successfully.

### Changes Made:
- **Button.astro**: Added `accent` variant to Props interface and variantClasses (maps to `btn-accent`)
- **Auth forms** (ForgotPasswordForm, LoginForm, PasswordChangeForm, RegistrationForm): Changed button variant from `primary` to `accent` for CTAs
- **QuickActions.astro**: Use `btn-accent` for primary, DaisyUI semantic colors (`bg-base-200`, `text-base-content`) for secondary
- **TransactionFilters.astro**: Use `btn-accent` and `text-base-content/60`
- **TransactionRow.astro**: Use `hover:bg-base-100` and `text-base-content/60`
- **AuthValidationMessages.astro**: Already compliant with DaisyUI semantic colors

### Security Review:
All auth form security features passed:
- Form validation logic unchanged
- CSRF token handling intact
- No sensitive data in client-side code
- Password fields use `type="password"`
- No console.log statements with credentials
- No hardcoded tokens or secrets

### Quality Gates:
All passed (typecheck, lint, stylelint, format)

### Next Tasks to Pick:
1. **Task 6.4**: Update Remaining Organism Components (AssetUpdateTodoList, BudgetHistoryComparison, DashboardError, TransactionList, TransactionModal, UserContext)
2. **Section 7**: Animation System Implementation (Tasks 7.1-7.2)

---

**Great progress on the design system migration! The molecule components are now fully aligned with the Oasis Finance v1.0.0 design system.** 🎉

[2026-01-23 11:52:49] === Iteration 2 / 5 ===
[2026-01-23 12:55:42] Agent exited with error: exit status 130
[2026-01-23 12:55:42] Output:


[2026-01-23 12:55:43] === Iteration 3 / 5 ===
